<?xml version="1.0" encoding="UTF-8"?>
<!-- Generated by org.testng.reporters.JUnitXMLReporter -->
<testsuite ignored="0" hostname="Mukul" failures="1" tests="1" name="Test" time="0.1" errors="0" timestamp="2024-05-22T19:21:53 IST">
  <testcase classname="z_amazon_test_cases_project_1.Launch_And_Quit" name="@AfterMethod Close_Browser" time="0.005">
    <failure type="java.lang.NullPointerException" message="Cannot invoke &amp;quot;org.openqa.selenium.TakesScreenshot.getScreenshotAs(org.openqa.selenium.OutputType)&amp;quot; because &amp;quot;tss&amp;quot; is null">
      <![CDATA[java.lang.NullPointerException: Cannot invoke "org.openqa.selenium.TakesScreenshot.getScreenshotAs(org.openqa.selenium.OutputType)" because "tss" is null
at z_amazon_test_cases_project_1.Launch_And_Quit.Close_Browser(Launch_And_Quit.java:37)
at java.base/java.util.ArrayList.forEach(ArrayList.java:1596)
... Removed 30 stack frames]]>
    </failure>
  </testcase> <!-- @AfterMethod Close_Browser -->
  <testcase classname="z_amazon_test_cases_project_1.Test_Case_2_Amazon_SignUp_Page" name="SignIn" time="0.038">
    <failure type="java.lang.NullPointerException" message="Cannot invoke &amp;quot;org.openqa.selenium.SearchContext.findElement(org.openqa.selenium.By)&amp;quot; because &amp;quot;this.searchContext&amp;quot; is null">
      <![CDATA[java.lang.NullPointerException: Cannot invoke "org.openqa.selenium.SearchContext.findElement(org.openqa.selenium.By)" because "this.searchContext" is null
at org.openqa.selenium.support.pagefactory.DefaultElementLocator.findElement(DefaultElementLocator.java:68)
at org.openqa.selenium.support.pagefactory.internal.LocatingElementHandler.invoke(LocatingElementHandler.java:38)
at jdk.proxy2/jdk.proxy2.$Proxy13.click(Unknown Source)
at z_amazon_source_project_1.Amazon_Sign_In_Page.hoverovertosigninbutton(Amazon_Sign_In_Page.java:30)
at z_amazon_test_cases_project_1.Test_Case_2_Amazon_SignUp_Page.SignIn(Test_Case_2_Amazon_SignUp_Page.java:15)
at java.base/java.util.ArrayList.forEach(ArrayList.java:1596)
... Removed 25 stack frames]]>
    </failure>
  </testcase> <!-- SignIn -->
</testsuite> <!-- Test -->
